android/tess-two-test/build/outputs/logs/manifest-merger-debug-report.txt
-- Merging decision tree log ---
manifest
ADDED from android/tess-two-test/AndroidManifest.xml:2:1-13:12
INJECTED from android/tess-two-test/AndroidManifest.xml:2:1-13:12
INJECTED from android/tess-two-test/AndroidManifest.xml:2:1-13:12
MERGED from [:tess-two] AndroidManifest.xml:17:1-26:12
INJECTED from android/tess-two-test/AndroidManifest.xml:2:1-13:12
INJECTED from android/tess-two-test/AndroidManifest.xml:2:1-13:12
	package
		ADDED from android/tess-two-test/AndroidManifest.xml:3:5-52
	android:versionName
		INJECTED from android/tess-two-test/AndroidManifest.xml
		ADDED from android/tess-two-test/AndroidManifest.xml:2:1-13:12
		INJECTED from android/tess-two-test/AndroidManifest.xml
	android:versionCode
		INJECTED from android/tess-two-test/AndroidManifest.xml
		ADDED from android/tess-two-test/AndroidManifest.xml:2:1-13:12
		INJECTED from android/tess-two-test/AndroidManifest.xml
	xmlns:android
		ADDED from android/tess-two-test/AndroidManifest.xml:2:11-69
uses-permission#android.permission.WRITE_EXTERNAL_STORAGE
ADDED from android/tess-two-test/AndroidManifest.xml:5:5-81
	android:name
		ADDED from android/tess-two-test/AndroidManifest.xml:5:22-78
uses-permission#android.permission.READ_EXTERNAL_STORAGE
ADDED from android/tess-two-test/AndroidManifest.xml:6:5-80
	android:name
		ADDED from android/tess-two-test/AndroidManifest.xml:6:22-77
application
ADDED from android/tess-two-test/AndroidManifest.xml:8:5-11:19
	android:label
		ADDED from android/tess-two-test/AndroidManifest.xml:10:9-41
	android:icon
		ADDED from android/tess-two-test/AndroidManifest.xml:9:9-38
uses-sdk
INJECTED from android/tess-two-test/AndroidManifest.xml reason: use-sdk injection requested
INJECTED from android/tess-two-test/AndroidManifest.xml
INJECTED from android/tess-two-test/AndroidManifest.xml
MERGED from [:tess-two] AndroidManifest.xml:22:5-24:41
MERGED from [:tess-two] AndroidManifest.xml:22:5-24:41
INJECTED from android/tess-two-test/AndroidManifest.xml
INJECTED from android/tess-two-test/AndroidManifest.xml
	android:targetSdkVersion
		INJECTED from android/tess-two-test/AndroidManifest.xml
		ADDED from android/tess-two-test/AndroidManifest.xml
		INJECTED from android/tess-two-test/AndroidManifest.xml
	android:minSdkVersion
		INJECTED from android/tess-two-test/AndroidManifest.xml
		ADDED from android/tess-two-test/AndroidManifest.xml
		INJECTED from android/tess-two-test/AndroidManifest.xml